  stdafx.cpp
  CBackground.cpp
  CBullet.cpp
c:\users\lee taehoon\documents\github\shootinggame\cbullet.cpp(41): warning C4244: '인수': 'double'에서 'int'(으)로 변환하면서 데이터가 손실될 수 있습니다.
c:\users\lee taehoon\documents\github\shootinggame\cbullet.cpp(40): warning C4244: '인수': 'double'에서 'int'(으)로 변환하면서 데이터가 손실될 수 있습니다.
  CCircularBullet.cpp
c:\users\lee taehoon\documents\github\shootinggame\ccircularbullet.cpp(39): warning C4244: '-=': 'float'에서 'int'(으)로 변환하면서 데이터가 손실될 수 있습니다.
c:\program files (x86)\microsoft visual studio\2017\community\vc\tools\msvc\14.13.26128\include\xmemory0(919): warning C4244: '초기화 중': 'float'에서 'int'(으)로 변환하면서 데이터가 손실될 수 있습니다.
  c:\program files (x86)\microsoft visual studio\2017\community\vc\tools\msvc\14.13.26128\include\vector(947): note: 컴파일 중인 함수 템플릿 인스턴스화 'void std::_Default_allocator_traits<_Alloc>::construct<_Ty,float>(_Alloc &,_Objty *const ,float &&)'에 대한 참조를 확인하십시오.
          with
          [
              _Alloc=std::allocator<int>,
              _Ty=int,
              _Objty=int
          ]
  c:\program files (x86)\microsoft visual studio\2017\community\vc\tools\msvc\14.13.26128\include\vector(968): note: 컴파일 중인 함수 템플릿 인스턴스화 'void std::_Default_allocator_traits<_Alloc>::construct<_Ty,float>(_Alloc &,_Objty *const ,float &&)'에 대한 참조를 확인하십시오.
          with
          [
              _Alloc=std::allocator<int>,
              _Ty=int,
              _Objty=int
          ]
  c:\users\lee taehoon\documents\github\shootinggame\ccircularbullet.cpp(19): note: 컴파일 중인 함수 템플릿 인스턴스화 'void std::vector<int,std::allocator<_Ty>>::emplace_back<float>(float &&)'에 대한 참조를 확인하십시오.
          with
          [
              _Ty=int
          ]
  CDropBullet.cpp
c:\users\lee taehoon\documents\github\shootinggame\cdropbullet.cpp(34): warning C4244: '인수': 'double'에서 'int'(으)로 변환하면서 데이터가 손실될 수 있습니다.
c:\users\lee taehoon\documents\github\shootinggame\cdropbullet.cpp(33): warning C4244: '인수': 'double'에서 'int'(으)로 변환하면서 데이터가 손실될 수 있습니다.
  CFileStream.cpp
  CJson.cpp
  CIOManager.cpp
  CRapidBullet.cpp
c:\users\lee taehoon\documents\github\shootinggame\crapidbullet.cpp(67): warning C4244: '인수': 'double'에서 'int'(으)로 변환하면서 데이터가 손실될 수 있습니다.
c:\users\lee taehoon\documents\github\shootinggame\crapidbullet.cpp(68): warning C4244: '인수': 'double'에서 'int'(으)로 변환하면서 데이터가 손실될 수 있습니다.
c:\users\lee taehoon\documents\github\shootinggame\crapidbullet.cpp(84): warning C4244: '인수': 'double'에서 'int'(으)로 변환하면서 데이터가 손실될 수 있습니다.
c:\users\lee taehoon\documents\github\shootinggame\crapidbullet.cpp(83): warning C4244: '인수': 'double'에서 'int'(으)로 변환하면서 데이터가 손실될 수 있습니다.
  CTraceBullet.cpp
c:\users\lee taehoon\documents\github\shootinggame\ctracebullet.cpp(40): warning C4244: '인수': 'double'에서 'int'(으)로 변환하면서 데이터가 손실될 수 있습니다.
c:\users\lee taehoon\documents\github\shootinggame\ctracebullet.cpp(39): warning C4244: '인수': 'double'에서 'int'(으)로 변환하면서 데이터가 손실될 수 있습니다.
  CNWayBullet.cpp
  CObjectManager.cpp
  CPlayer.cpp
  CSplitBullet.cpp
  CSprite.cpp
  CAppRunner.cpp
  CBackBuffer.cpp
  CGameApp.cpp
c:\users\lee taehoon\documents\github\shootinggame\cgameapp.cpp(103): warning C4244: '=': 'float'에서 'LONG'(으)로 변환하면서 데이터가 손실될 수 있습니다.
c:\users\lee taehoon\documents\github\shootinggame\cgameapp.cpp(104): warning C4244: '=': 'float'에서 'LONG'(으)로 변환하면서 데이터가 손실될 수 있습니다.
c:\users\lee taehoon\documents\github\shootinggame\cgameapp.cpp(155): warning C4244: '초기화 중': 'double'에서 'float'(으)로 변환하면서 데이터가 손실될 수 있습니다.
c:\users\lee taehoon\documents\github\shootinggame\cgameapp.cpp(157): warning C4244: '인수': 'float'에서 'int'(으)로 변환하면서 데이터가 손실될 수 있습니다.
  CGameObject.cpp
c:\users\lee taehoon\documents\github\shootinggame\cgameobject.cpp(14): warning C4150: 불완전한 형식 'CState'에 대한 포인터를 삭제했습니다. 소멸자가 호출되지 않습니다.
  c:\users\lee taehoon\documents\github\shootinggame\cgameobject.h(6): note: 'CState' 선언을 참조하십시오.
  CMainScene.cpp
  CNullScene.cpp
  코드를 생성하고 있습니다...
  컴파일하고 있습니다...
  CScene.cpp
  CSoundPlayer.cpp
  CRenderer.cpp
c:\users\lee taehoon\documents\github\shootinggame\crenderer.cpp(48): warning C4244: '인수': 'double'에서 'int'(으)로 변환하면서 데이터가 손실될 수 있습니다.
  CTestScene.cpp
  CTimer.cpp
  CTitleScene.cpp
c:\users\lee taehoon\documents\github\shootinggame\ctitlescene.cpp(11): warning C4244: '=': 'double'에서 'int'(으)로 변환하면서 데이터가 손실될 수 있습니다.
c:\users\lee taehoon\documents\github\shootinggame\ctitlescene.cpp(12): warning C4244: '=': 'float'에서 'int'(으)로 변환하면서 데이터가 손실될 수 있습니다.
  Main.cpp
  코드를 생성하고 있습니다...
CSoundPlayer.obj : error LNK2019: FMOD_System_Create 외부 기호(참조 위치: "public: __cdecl CSoundManager::CSoundManager(void)" (??0CSoundManager@@QEAA@XZ) 함수)에서 확인하지 못했습니다.
CSoundPlayer.obj : error LNK2019: FMOD_System_Release 외부 기호(참조 위치: "public: __cdecl CSoundManager::~CSoundManager(void)" (??1CSoundManager@@QEAA@XZ) 함수)에서 확인하지 못했습니다.
CSoundPlayer.obj : error LNK2019: FMOD_System_Init 외부 기호(참조 위치: "public: __cdecl CSoundManager::CSoundManager(void)" (??0CSoundManager@@QEAA@XZ) 함수)에서 확인하지 못했습니다.
CSoundPlayer.obj : error LNK2019: FMOD_System_Close 외부 기호(참조 위치: "public: __cdecl CSoundManager::~CSoundManager(void)" (??1CSoundManager@@QEAA@XZ) 함수)에서 확인하지 못했습니다.
CSoundPlayer.obj : error LNK2019: FMOD_System_Update 외부 기호(참조 위치: "public: void __cdecl CSoundManager::OnUpdate(void)" (?OnUpdate@CSoundManager@@QEAAXXZ) 함수)에서 확인하지 못했습니다.
CSoundPlayer.obj : error LNK2019: FMOD_System_GetChannelsPlaying 외부 기호(참조 위치: "public: void __cdecl CSoundManager::PlayEffect(enum Sound_Name)" (?PlayEffect@CSoundManager@@QEAAXW4Sound_Name@@@Z) 함수)에서 확인하지 못했습니다.
CSoundPlayer.obj : error LNK2019: FMOD_System_CreateSound 외부 기호(참조 위치: "public: void __cdecl CSoundManager::AddSound(char const *,enum Sound_Name)" (?AddSound@CSoundManager@@QEAAXPEBDW4Sound_Name@@@Z) 함수)에서 확인하지 못했습니다.
CSoundPlayer.obj : error LNK2019: FMOD_System_CreateStream 외부 기호(참조 위치: "public: void __cdecl CSoundManager::AddStream(char const *,enum Sound_Name)" (?AddStream@CSoundManager@@QEAAXPEBDW4Sound_Name@@@Z) 함수)에서 확인하지 못했습니다.
CSoundPlayer.obj : error LNK2019: FMOD_System_PlaySound 외부 기호(참조 위치: "public: void __cdecl CSoundManager::PlayBgm(enum Sound_Name)" (?PlayBgm@CSoundManager@@QEAAXW4Sound_Name@@@Z) 함수)에서 확인하지 못했습니다.
CSoundPlayer.obj : error LNK2019: FMOD_Channel_Stop 외부 기호(참조 위치: "public: void __cdecl CSoundManager::PlayBgm(enum Sound_Name)" (?PlayBgm@CSoundManager@@QEAAXW4Sound_Name@@@Z) 함수)에서 확인하지 못했습니다.
CSoundPlayer.obj : error LNK2019: FMOD_Channel_SetVolume 외부 기호(참조 위치: "public: void __cdecl CSoundManager::PlayBgm(enum Sound_Name)" (?PlayBgm@CSoundManager@@QEAAXW4Sound_Name@@@Z) 함수)에서 확인하지 못했습니다.
fmod\lib\fmodex_vc.lib : warning LNK4272: 'x86' 라이브러리 컴퓨터 종류가 'x64' 대상 컴퓨터 종류와 충돌합니다.
C:\Users\Lee TaeHoon\Documents\GitHub\ShootingGame\x64\Debug\ShootingGame.exe : fatal error LNK1120: 11개의 확인할 수 없는 외부 참조입니다.
